<?xml version="1.0" encoding="UTF-8"?>
<!-- Generated by org.testng.reporters.JUnitReportReporter -->
<testsuite hostname="DESKTOP-CLES7L2" failures="0" tests="1" name="TestCases.SignupTstcases" time="11.211" errors="0" timestamp="2022-12-30T17:13:22 IST" skipped="0">
  <testcase classname="TestCases.SignupTstcases" name="Verifyfree" time="11.211"/>
  <system-out/>
</testsuite> <!-- TestCases.SignupTstcases -->
