<?xml version="1.0" encoding="UTF-8"?>
<!-- Generated by org.testng.reporters.JUnitReportReporter -->
<testsuite hostname="DESKTOP-CLES7L2" failures="0" tests="1" name="TestCases.SignupFree" time="4.909" errors="0" timestamp="2022-12-28T17:35:43 IST" skipped="0">
  <testcase classname="TestCases.SignupFree" name="Verifyfree" time="4.909"/>
  <system-out/>
</testsuite> <!-- TestCases.SignupFree -->
