<?xml version="1.0" encoding="UTF-8"?>
<!-- Generated by org.testng.reporters.JUnitReportReporter -->
<testsuite hostname="DESKTOP-CLES7L2" failures="0" tests="1" name="TestCases.SignupTstcases" time="10.165" errors="0" timestamp="2023-01-02T17:03:56 IST" skipped="0">
  <testcase classname="TestCases.SignupTstcases" name="Verifyfree" time="10.165"/>
  <system-out/>
</testsuite> <!-- TestCases.SignupTstcases -->
