<?xml version="1.0" encoding="UTF-8"?>
<!-- Generated by org.testng.reporters.JUnitReportReporter -->
<testsuite hostname="DESKTOP-CLES7L2" failures="0" tests="1" name="TestCases.LoginTstCases" time="3.753" errors="0" timestamp="2022-12-28T20:51:59 IST" skipped="0">
  <testcase classname="TestCases.LoginTstCases" name="Login" time="3.753"/>
  <system-out/>
</testsuite> <!-- TestCases.LoginTstCases -->
